<?xml version="1.0" encoding="UTF-8"?>
<testsuite xmlns:xsi="http://www.w3.org/2001/XMLSchema-instance" xsi:noNamespaceSchemaLocation="https://maven.apache.org/surefire/maven-surefire-plugin/xsd/surefire-test-report-3.0.xsd" version="3.0" name="com.kundan.quiz.QuizAppApplicationTests" time="16.411" tests="1" errors="0" skipped="0" failures="0">
  <properties>
[...]
</properties>
  <testcase name="contextLoads" classname="com.kundan.quiz.QuizAppApplicationTests" time="0.555">
    <system-out><![CDATA[18:07:03.833 [main] INFO org.springframework.test.context.support.AnnotationConfigContextLoaderUtils -- Could not detect default configuration classes for test class [com.kundan.quiz.QuizAppApplicationTests]: QuizAppApplicationTests does not declare any static, non-private, non-final, nested classes annotated with @Configuration.
18:07:03.985 [main] INFO org.springframework.boot.test.context.SpringBootTestContextBootstrapper -- Found @SpringBootConfiguration com.kundan.quiz.QuizAppApplication for test class com.kundan.quiz.QuizAppApplicationTests

  .   ____          _            __ _ _
 /\\ / ___'_ __ _ _(_)_ __  __ _ \ \ \ \
( ( )\___ | '_ | '_| | '_ \/ _` | \ \ \ \
 \\/  ___)| |_)| | | | | || (_| |  ) ) ) )
  '  |____| .__|_| |_|_| |_\__, | / / / /
 =========|_|==============|___/=/_/_/_/

 :: Spring Boot ::                (v3.3.1)

2024-07-09T18:07:04.516+05:30  INFO 2312 --- [           main] c.kundan.quiz.QuizAppApplicationTests    : Starting QuizAppApplicationTests using Java 17.0.11 with PID 2312 (started by Kundan.Kumar in E:\AngularTraining\SpringQuiz\QuizApp)
2024-07-09T18:07:04.517+05:30  INFO 2312 --- [           main] c.kundan.quiz.QuizAppApplicationTests    : No active profile set, falling back to 1 default profile: "default"
2024-07-09T18:07:05.306+05:30  INFO 2312 --- [           main] .s.d.r.c.RepositoryConfigurationDelegate : Bootstrapping Spring Data JPA repositories in DEFAULT mode.
2024-07-09T18:07:05.371+05:30  INFO 2312 --- [           main] .s.d.r.c.RepositoryConfigurationDelegate : Finished Spring Data repository scanning in 55 ms. Found 1 JPA repository interface.
2024-07-09T18:07:05.976+05:30  INFO 2312 --- [           main] o.hibernate.jpa.internal.util.LogHelper  : HHH000204: Processing PersistenceUnitInfo [name: default]
2024-07-09T18:07:06.058+05:30  INFO 2312 --- [           main] org.hibernate.Version                    : HHH000412: Hibernate ORM core version 6.5.2.Final
2024-07-09T18:07:06.099+05:30  INFO 2312 --- [           main] o.h.c.internal.RegionFactoryInitiator    : HHH000026: Second-level cache disabled
2024-07-09T18:07:06.706+05:30  INFO 2312 --- [           main] o.s.o.j.p.SpringPersistenceUnitInfo      : No LoadTimeWeaver setup: ignoring JPA class transformer
2024-07-09T18:07:06.742+05:30  INFO 2312 --- [           main] com.zaxxer.hikari.HikariDataSource       : HikariPool-1 - Starting...
2024-07-09T18:07:09.042+05:30  INFO 2312 --- [           main] com.zaxxer.hikari.pool.HikariPool        : HikariPool-1 - Added connection com.mysql.cj.jdbc.ConnectionImpl@3fe98084
2024-07-09T18:07:09.047+05:30  INFO 2312 --- [           main] com.zaxxer.hikari.HikariDataSource       : HikariPool-1 - Start completed.
2024-07-09T18:07:09.296+05:30  WARN 2312 --- [           main] org.hibernate.orm.deprecation            : HHH90000025: MySQL8Dialect does not need to be specified explicitly using 'hibernate.dialect' (remove the property setting and it will be selected by default)
2024-07-09T18:07:09.297+05:30  WARN 2312 --- [           main] org.hibernate.orm.deprecation            : HHH90000026: MySQL8Dialect has been deprecated; use org.hibernate.dialect.MySQLDialect instead
2024-07-09T18:07:10.072+05:30  INFO 2312 --- [           main] o.h.e.t.j.p.i.JtaPlatformInitiator       : HHH000489: No JTA platform available (set 'hibernate.transaction.jta.platform' to enable JTA platform integration)
2024-07-09T18:07:10.732+05:30  INFO 2312 --- [           main] j.LocalContainerEntityManagerFactoryBean : Initialized JPA EntityManagerFactory for persistence unit 'default'
2024-07-09T18:07:11.386+05:30  WARN 2312 --- [           main] JpaBaseConfiguration$JpaWebConfiguration : spring.jpa.open-in-view is enabled by default. Therefore, database queries may be performed during view rendering. Explicitly configure spring.jpa.open-in-view to disable this warning
2024-07-09T18:07:12.214+05:30  INFO 2312 --- [           main] c.kundan.quiz.QuizAppApplicationTests    : Started QuizAppApplicationTests in 8.025 seconds (process running for 9.241)
Hibernate: 
    insert 
    into
        question
        (answer, description, option_four, option_one, option_three, option_two, subject, topic) 
    values
        (?, ?, ?, ?, ?, ?, ?, ?)
Hibernate: 
    insert 
    into
        question
        (answer, description, option_four, option_one, option_three, option_two, subject, topic) 
    values
        (?, ?, ?, ?, ?, ?, ?, ?)
Hibernate: 
    insert 
    into
        question
        (answer, description, option_four, option_one, option_three, option_two, subject, topic) 
    values
        (?, ?, ?, ?, ?, ?, ?, ?)
Hibernate: 
    insert 
    into
        question
        (answer, description, option_four, option_one, option_three, option_two, subject, topic) 
    values
        (?, ?, ?, ?, ?, ?, ?, ?)
Hibernate: 
    insert 
    into
        question
        (answer, description, option_four, option_one, option_three, option_two, subject, topic) 
    values
        (?, ?, ?, ?, ?, ?, ?, ?)
Hibernate: 
    insert 
    into
        question
        (answer, description, option_four, option_one, option_three, option_two, subject, topic) 
    values
        (?, ?, ?, ?, ?, ?, ?, ?)
Hibernate: 
    insert 
    into
        question
        (answer, description, option_four, option_one, option_three, option_two, subject, topic) 
    values
        (?, ?, ?, ?, ?, ?, ?, ?)
Hibernate: 
    insert 
    into
        question
        (answer, description, option_four, option_one, option_three, option_two, subject, topic) 
    values
        (?, ?, ?, ?, ?, ?, ?, ?)
Hibernate: 
    insert 
    into
        question
        (answer, description, option_four, option_one, option_three, option_two, subject, topic) 
    values
        (?, ?, ?, ?, ?, ?, ?, ?)
10 questions have been inserted.
]]></system-out>
  </testcase>
</testsuite>